  *******************************************
  *                                         *
  *        W E L C O M E  to  R O O T       *
  *                                         *
  *   Version   5.34/09      26 June 2013   *
  *                                         *
  *  You are welcome to visit our Web site  *
  *          http://root.cern.ch            *
  *                                         *
  *******************************************

ROOT 5.34/09 (v5-34-09@v5-34-09, Jun 26 2013, 17:10:36 on linux)

CINT/ROOT C/C++ Interpreter version 5.18.00, July 2, 2010
Type ? for help. Commands must be C++ statements.
Enclose multiple statements between { }.
*** Float Point Exception is OFF ***
 *** Start at Date : Thu Sep 24 10:49:06 2015
QAInfo:You are using STAR_LEVEL : pro, ROOT_LEVEL : 5.34.09_1 and node : pc2616 

Processing JetSimAnalysis_Macro.cc(0,300000,0.3,"JetSim_list12_12")...
StJetSimAnalysis_Macro started
Start of analysis
Init started
Open file list File_lists/JetSim_list12_12
file list is ok
File added to data chain: /project/projectdirs/star/pwg/starjetc/aschmah/Jet/Simulation/flow/Jet_sim_flow_200GeV_file1b.root with 30000 entries
Set branch address
Branch address was set
Number of events in file(s) = 30000
Output file: /project/projectdirs/star/pwg/starjetc/aschmah/Jet/Simulation/flow/out/JetSim_list12_12_out.root
Make started
Seed = 2870825586
Start of event loop
#--------------------------------------------------------------------------
#                         FastJet release 3.0.6
#                 M. Cacciari, G.P. Salam and G. Soyez                  
#     A software package for jet finding and analysis at colliders      
#                           http://fastjet.fr                           
#	                                                                      
# Please cite EPJC72(2012)1896 [arXiv:1111.6097] if you use this package
# for scientific work and optionally PLB641(2006)57 [hep-ph/0512210].   
#                                                                       
# FastJet is provided without warranty under the terms of the GNU GPLv2.
# It uses T. Chan's closest pair algorithm, S. Fortune's Voronoi code
# and 3rd party plugin jet algorithms. See COPYING file for details.
#--------------------------------------------------------------------------
.......... 500 (1.66667%) 
==> Processing data, .......... 1000 (3.33333%) 
==> Processing data, .......... 1500 (5%) 
==> Processing data, .......... 2000 (6.66667%) 
==> Processing data, .......... 2500 (8.33333%) 
==> Processing data, .......... 3000 (10%) 
==> Processing data, .......... 3500 (11.6667%) 
==> Processing data, .......... 4000 (13.3333%) 
==> Processing data, .......... 4500 (15%) 
==> Processing data, .......... 5000 (16.6667%) 
==> Processing data, .......... 5500 (18.3333%) 
==> Processing data, .......... 6000 (20%) 
==> Processing data, .......... 6500 (21.6667%) 
==> Processing data, .......... 7000 (23.3333%) 
==> Processing data, .......... 7500 (25%) 
==> Processing data, .......... 8000 (26.6667%) 
==> Processing data, .......... 8500 (28.3333%) 
==> Processing data, .......... 9000 (30%) 
==> Processing data, .......... 9500 (31.6667%) 
==> Processing data, .......... 10000 (33.3333%) 
==> Processing data, .......... 10500 (35%) 
==> Processing data, .......... 11000 (36.6667%) 
==> Processing data, .......... 11500 (38.3333%) 
==> Processing data, .......... 12000 (40%) 
==> Processing data, .......... 12500 (41.6667%) 
==> Processing data, .......... 13000 (43.3333%) 
==> Processing data, .......... 13500 (45%) 
==> Processing data, .......... 14000 (46.6667%) 
==> Processing data, .......... 14500 (48.3333%) 
==> Processing data, .......... 15000 (50%) 
==> Processing data, .......... 15500 (51.6667%) 
==> Processing data, .......... 16000 (53.3333%) 
==> Processing data, .......... 16500 (55%) 
==> Processing data, .......... 17000 (56.6667%) 
==> Processing data, .......... 17500 (58.3333%) 
==> Processing data, .......... 18000 (60%) 
==> Processing data, .......... 18500 (61.6667%) 
==> Processing data, .......... 19000 (63.3333%) 
==> Processing data, .......... 19500 (65%) 
==> Processing data, .......... 20000 (66.6667%) 
==> Processing data, .......... 20500 (68.3333%) 
==> Processing data, .......... 21000 (70%) 
==> Processing data, .......... 21500 (71.6667%) 
==> Processing data, .......... 22000 (73.3333%) 
==> Processing data, .......... 22500 (75%) 
==> Processing data, .......... 23000 (76.6667%) 
==> Processing data, .......... 23500 (78.3333%) 
==> Processing data, .......... 24000 (80%) 
==> Processing data, .......... 24500 (81.6667%) 
==> Processing data, .......... 25000 (83.3333%) 
==> Processing data, .......... 25500 (85%) 
==> Processing data, .......... 26000 (86.6667%) 
==> Processing data, .......... 26500 (88.3333%) 
==> Processing data, .......... 27000 (90%) 
==> Processing data, .......... 27500 (91.6667%) 
==> Processing data, .......... 28000 (93.3333%) 
==> Processing data, .......... 28500 (95%) 
==> Processing data, .......... 29000 (96.6667%) 
==> Processing data, .......... 29500 (98.3333%) 
==> Processing data, .........Finish started
End of analysis

This is the end of ROOT -- Goodbye

